<?xml version="1.0" encoding="UTF-8"?>
<testsuite xmlns:xsi="http://www.w3.org/2001/XMLSchema-instance" xsi:noNamespaceSchemaLocation="https://maven.apache.org/surefire/maven-surefire-plugin/xsd/surefire-test-report-3.0.xsd" version="3.0" name="logic.so.AbstractSOTest" time="1.277" tests="4" errors="0" skipped="0" failures="0">
  <properties>
[...]
</properties>
  <testcase name="testExecuteValidArgument" classname="logic.so.AbstractSOTest" time="1.243">
    <system-out><![CDATA[Konekcija sa bazom podataka uspesno uspostavljena!
Konekcija sa bazom podataka uspesno uspostavljena!
Konekcija sa bazom podataka uspesno uspostavljena!
Konekcija sa bazom podataka uspesno uspostavljena!
Konekcija sa bazom podataka uspesno uspostavljena!
Konekcija sa bazom podataka uspesno uspostavljena!
Konekcija sa bazom podataka uspesno uspostavljena!
Konekcija sa bazom podataka uspesno uspostavljena!
Konekcija sa bazom podataka uspesno uspostavljena!
Konekcija sa bazom podataka uspesno uspostavljena!
Konekcija sa bazom podataka uspesno uspostavljena!
Konekcija sa bazom podataka uspesno uspostavljena!
Konekcija sa bazom podataka uspesno uspostavljena!
Konekcija sa bazom podataka uspesno uspostavljena!
Konekcija sa bazom podataka uspesno uspostavljena!
Konekcija sa bazom podataka uspesno uspostavljena!
Konekcija sa bazom podataka uspesno uspostavljena!
Konekcija sa bazom podataka uspesno uspostavljena!
Konekcija sa bazom podataka uspesno uspostavljena!
Konekcija sa bazom podataka uspesno uspostavljena!
Konekcija sa bazom podataka uspesno uspostavljena!
Konekcija sa bazom podataka uspesno uspostavljena!
Konekcija sa bazom podataka uspesno uspostavljena!
Konekcija sa bazom podataka uspesno uspostavljena!
Konekcija sa bazom podataka uspesno uspostavljena!
Konekcija sa bazom podataka uspesno uspostavljena!
Konekcija sa bazom podataka uspesno uspostavljena!
Konekcija sa bazom podataka uspesno uspostavljena!
Konekcija sa bazom podataka uspesno uspostavljena!
Konekcija sa bazom podataka uspesno uspostavljena!
Konekcija sa bazom podataka uspesno uspostavljena!
Konekcija sa bazom podataka uspesno uspostavljena!
Konekcija sa bazom podataka uspesno uspostavljena!
Konekcija sa bazom podataka uspesno uspostavljena!
Konekcija sa bazom podataka uspesno uspostavljena!
Konekcija sa bazom podataka uspesno uspostavljena!
Konekcija sa bazom podataka uspesno uspostavljena!
Konekcija sa bazom podataka uspesno uspostavljena!
Konekcija sa bazom podataka uspesno uspostavljena!
Konekcija sa bazom podataka uspesno uspostavljena!
Konekcija sa bazom podataka uspesno uspostavljena!
Konekcija sa bazom podataka uspesno uspostavljena!
Konekcija sa bazom podataka uspesno uspostavljena!
Konekcija sa bazom podataka uspesno uspostavljena!
Konekcija sa bazom podataka uspesno uspostavljena!
Konekcija sa bazom podataka uspesno uspostavljena!
Konekcija sa bazom podataka uspesno uspostavljena!
Konekcija sa bazom podataka uspesno uspostavljena!
Konekcija sa bazom podataka uspesno uspostavljena!
Konekcija sa bazom podataka uspesno uspostavljena!
]]></system-out>
  </testcase>
  <testcase name="testRollback" classname="logic.so.AbstractSOTest" time="0.002"/>
  <testcase name="testCommit" classname="logic.so.AbstractSOTest" time="0.002"/>
  <testcase name="testExecuteInvalidArgument" classname="logic.so.AbstractSOTest" time="0.003"/>
</testsuite>