<?xml version="1.0" encoding="UTF-8"?>
<testsuite xmlns:xsi="http://www.w3.org/2001/XMLSchema-instance" xsi:noNamespaceSchemaLocation="https://maven.apache.org/surefire/maven-surefire-plugin/xsd/surefire-test-report-3.0.xsd" version="3.0" name="logic.so.ZapamtiTerminSOTest" time="2.581" tests="3" errors="0" skipped="0" failures="0">
  <properties>
[...]
</properties>
  <testcase name="testValidateInvalidArgument" classname="logic.so.ZapamtiTerminSOTest" time="2.306">
    <system-out><![CDATA[Konekcija sa bazom podataka uspesno uspostavljena!
Konekcija sa bazom podataka uspesno uspostavljena!
Konekcija sa bazom podataka uspesno uspostavljena!
Konekcija sa bazom podataka uspesno uspostavljena!
Konekcija sa bazom podataka uspesno uspostavljena!
Konekcija sa bazom podataka uspesno uspostavljena!
Konekcija sa bazom podataka uspesno uspostavljena!
Konekcija sa bazom podataka uspesno uspostavljena!
Konekcija sa bazom podataka uspesno uspostavljena!
Konekcija sa bazom podataka uspesno uspostavljena!
Konekcija sa bazom podataka uspesno uspostavljena!
Konekcija sa bazom podataka uspesno uspostavljena!
Konekcija sa bazom podataka uspesno uspostavljena!
Konekcija sa bazom podataka uspesno uspostavljena!
Konekcija sa bazom podataka uspesno uspostavljena!
Konekcija sa bazom podataka uspesno uspostavljena!
Konekcija sa bazom podataka uspesno uspostavljena!
Konekcija sa bazom podataka uspesno uspostavljena!
Konekcija sa bazom podataka uspesno uspostavljena!
Konekcija sa bazom podataka uspesno uspostavljena!
Konekcija sa bazom podataka uspesno uspostavljena!
Konekcija sa bazom podataka uspesno uspostavljena!
Konekcija sa bazom podataka uspesno uspostavljena!
Konekcija sa bazom podataka uspesno uspostavljena!
Konekcija sa bazom podataka uspesno uspostavljena!
Konekcija sa bazom podataka uspesno uspostavljena!
Konekcija sa bazom podataka uspesno uspostavljena!
Konekcija sa bazom podataka uspesno uspostavljena!
Konekcija sa bazom podataka uspesno uspostavljena!
Konekcija sa bazom podataka uspesno uspostavljena!
Konekcija sa bazom podataka uspesno uspostavljena!
Konekcija sa bazom podataka uspesno uspostavljena!
Konekcija sa bazom podataka uspesno uspostavljena!
Konekcija sa bazom podataka uspesno uspostavljena!
Konekcija sa bazom podataka uspesno uspostavljena!
Konekcija sa bazom podataka uspesno uspostavljena!
Konekcija sa bazom podataka uspesno uspostavljena!
Konekcija sa bazom podataka uspesno uspostavljena!
Konekcija sa bazom podataka uspesno uspostavljena!
Konekcija sa bazom podataka uspesno uspostavljena!
Konekcija sa bazom podataka uspesno uspostavljena!
Konekcija sa bazom podataka uspesno uspostavljena!
Konekcija sa bazom podataka uspesno uspostavljena!
Konekcija sa bazom podataka uspesno uspostavljena!
Konekcija sa bazom podataka uspesno uspostavljena!
Konekcija sa bazom podataka uspesno uspostavljena!
Konekcija sa bazom podataka uspesno uspostavljena!
Konekcija sa bazom podataka uspesno uspostavljena!
Konekcija sa bazom podataka uspesno uspostavljena!
Konekcija sa bazom podataka uspesno uspostavljena!
]]></system-out>
  </testcase>
  <testcase name="testValidateValidArgument" classname="logic.so.ZapamtiTerminSOTest" time="0.008"/>
  <testcase name="testExecuteOperation" classname="logic.so.ZapamtiTerminSOTest" time="0.17">
    <system-out><![CDATA[Upit: INSERT INTO termin (PIB,vreme,datum,frizer,slobodan,korisnikid,uslugaid ) VALUES (2, '11:15', '3924-11-10', 'Petko', true, 1, 0)]]></system-out>
    <system-err><![CDATA[Jul 28, 2024 4:06:53 PM db.DBBroker executeUpdate
SEVERE: null
java.sql.SQLIntegrityConstraintViolationException: Cannot add or update a child row: a foreign key constraint fails (`np`.`termin`, CONSTRAINT `fk_usluga` FOREIGN KEY (`uslugaid`) REFERENCES `usluga` (`uslugaid`))
	at com.mysql.cj.jdbc.exceptions.SQLError.createSQLException(SQLError.java:117)
	at com.mysql.cj.jdbc.exceptions.SQLExceptionsMapping.translateException(SQLExceptionsMapping.java:122)
	at com.mysql.cj.jdbc.StatementImpl.executeUpdateInternal(StatementImpl.java:1337)
	at com.mysql.cj.jdbc.StatementImpl.executeLargeUpdate(StatementImpl.java:2112)
	at com.mysql.cj.jdbc.StatementImpl.executeUpdate(StatementImpl.java:1247)
	at db.DBBroker.executeUpdate(DBBroker.java:213)
	at db.DBBroker.insert(DBBroker.java:177)
	at logic.so.ZapamtiTerminSO.executeOperation(ZapamtiTerminSO.java:48)
	at logic.so.AbstractSO.execute(AbstractSO.java:49)
	at logic.so.ZapamtiTerminSOTest.testExecuteOperation(ZapamtiTerminSOTest.java:57)
	at java.base/jdk.internal.reflect.DirectMethodHandleAccessor.invoke(DirectMethodHandleAccessor.java:104)
	at java.base/java.lang.reflect.Method.invoke(Method.java:578)
	at org.junit.platform.commons.util.ReflectionUtils.invokeMethod(ReflectionUtils.java:725)
	at org.junit.jupiter.engine.execution.MethodInvocation.proceed(MethodInvocation.java:60)
	at org.junit.jupiter.engine.execution.InvocationInterceptorChain$ValidatingInvocation.proceed(InvocationInterceptorChain.java:131)
	at org.junit.jupiter.engine.extension.TimeoutExtension.intercept(TimeoutExtension.java:149)
	at org.junit.jupiter.engine.extension.TimeoutExtension.interceptTestableMethod(TimeoutExtension.java:140)
	at org.junit.jupiter.engine.extension.TimeoutExtension.interceptTestMethod(TimeoutExtension.java:84)
	at org.junit.jupiter.engine.execution.ExecutableInvoker$ReflectiveInterceptorCall.lambda$ofVoidMethod$0(ExecutableInvoker.java:115)
	at org.junit.jupiter.engine.execution.ExecutableInvoker.lambda$invoke$0(ExecutableInvoker.java:105)
	at org.junit.jupiter.engine.execution.InvocationInterceptorChain$InterceptedInvocation.proceed(InvocationInterceptorChain.java:106)
	at org.junit.jupiter.engine.execution.InvocationInterceptorChain.proceed(InvocationInterceptorChain.java:64)
	at org.junit.jupiter.engine.execution.InvocationInterceptorChain.chainAndInvoke(InvocationInterceptorChain.java:45)
	at org.junit.jupiter.engine.execution.InvocationInterceptorChain.invoke(InvocationInterceptorChain.java:37)
	at org.junit.jupiter.engine.execution.ExecutableInvoker.invoke(ExecutableInvoker.java:104)
	at org.junit.jupiter.engine.execution.ExecutableInvoker.invoke(ExecutableInvoker.java:98)
	at org.junit.jupiter.engine.descriptor.TestMethodTestDescriptor.lambda$invokeTestMethod$7(TestMethodTestDescriptor.java:214)
	at org.junit.platform.engine.support.hierarchical.ThrowableCollector.execute(ThrowableCollector.java:73)
	at org.junit.jupiter.engine.descriptor.TestMethodTestDescriptor.invokeTestMethod(TestMethodTestDescriptor.java:210)
	at org.junit.jupiter.engine.descriptor.TestMethodTestDescriptor.execute(TestMethodTestDescriptor.java:135)
	at org.junit.jupiter.engine.descriptor.TestMethodTestDescriptor.execute(TestMethodTestDescriptor.java:66)
	at org.junit.platform.engine.support.hierarchical.NodeTestTask.lambda$executeRecursively$6(NodeTestTask.java:151)
	at org.junit.platform.engine.support.hierarchical.ThrowableCollector.execute(ThrowableCollector.java:73)
	at org.junit.platform.engine.support.hierarchical.NodeTestTask.lambda$executeRecursively$8(NodeTestTask.java:141)
	at org.junit.platform.engine.support.hierarchical.Node.around(Node.java:137)
	at org.junit.platform.engine.support.hierarchical.NodeTestTask.lambda$executeRecursively$9(NodeTestTask.java:139)
	at org.junit.platform.engine.support.hierarchical.ThrowableCollector.execute(ThrowableCollector.java:73)
	at org.junit.platform.engine.support.hierarchical.NodeTestTask.executeRecursively(NodeTestTask.java:138)
	at org.junit.platform.engine.support.hierarchical.NodeTestTask.execute(NodeTestTask.java:95)
	at java.base/java.util.ArrayList.forEach(ArrayList.java:1511)
	at org.junit.platform.engine.support.hierarchical.SameThreadHierarchicalTestExecutorService.invokeAll(SameThreadHierarchicalTestExecutorService.java:41)
	at org.junit.platform.engine.support.hierarchical.NodeTestTask.lambda$executeRecursively$6(NodeTestTask.java:155)
	at org.junit.platform.engine.support.hierarchical.ThrowableCollector.execute(ThrowableCollector.java:73)
	at org.junit.platform.engine.support.hierarchical.NodeTestTask.lambda$executeRecursively$8(NodeTestTask.java:141)
	at org.junit.platform.engine.support.hierarchical.Node.around(Node.java:137)
	at org.junit.platform.engine.support.hierarchical.NodeTestTask.lambda$executeRecursively$9(NodeTestTask.java:139)
	at org.junit.platform.engine.support.hierarchical.ThrowableCollector.execute(ThrowableCollector.java:73)
	at org.junit.platform.engine.support.hierarchical.NodeTestTask.executeRecursively(NodeTestTask.java:138)
	at org.junit.platform.engine.support.hierarchical.NodeTestTask.execute(NodeTestTask.java:95)
	at java.base/java.util.ArrayList.forEach(ArrayList.java:1511)
	at org.junit.platform.engine.support.hierarchical.SameThreadHierarchicalTestExecutorService.invokeAll(SameThreadHierarchicalTestExecutorService.java:41)
	at org.junit.platform.engine.support.hierarchical.NodeTestTask.lambda$executeRecursively$6(NodeTestTask.java:155)
	at org.junit.platform.engine.support.hierarchical.ThrowableCollector.execute(ThrowableCollector.java:73)
	at org.junit.platform.engine.support.hierarchical.NodeTestTask.lambda$executeRecursively$8(NodeTestTask.java:141)
	at org.junit.platform.engine.support.hierarchical.Node.around(Node.java:137)
	at org.junit.platform.engine.support.hierarchical.NodeTestTask.lambda$executeRecursively$9(NodeTestTask.java:139)
	at org.junit.platform.engine.support.hierarchical.ThrowableCollector.execute(ThrowableCollector.java:73)
	at org.junit.platform.engine.support.hierarchical.NodeTestTask.executeRecursively(NodeTestTask.java:138)
	at org.junit.platform.engine.support.hierarchical.NodeTestTask.execute(NodeTestTask.java:95)
	at org.junit.platform.engine.support.hierarchical.SameThreadHierarchicalTestExecutorService.submit(SameThreadHierarchicalTestExecutorService.java:35)
	at org.junit.platform.engine.support.hierarchical.HierarchicalTestExecutor.execute(HierarchicalTestExecutor.java:57)
	at org.junit.platform.engine.support.hierarchical.HierarchicalTestEngine.execute(HierarchicalTestEngine.java:54)
	at org.junit.platform.launcher.core.EngineExecutionOrchestrator.execute(EngineExecutionOrchestrator.java:107)
	at org.junit.platform.launcher.core.EngineExecutionOrchestrator.execute(EngineExecutionOrchestrator.java:88)
	at org.junit.platform.launcher.core.EngineExecutionOrchestrator.lambda$execute$0(EngineExecutionOrchestrator.java:54)
	at org.junit.platform.launcher.core.EngineExecutionOrchestrator.withInterceptedStreams(EngineExecutionOrchestrator.java:67)
	at org.junit.platform.launcher.core.EngineExecutionOrchestrator.execute(EngineExecutionOrchestrator.java:52)
	at org.junit.platform.launcher.core.DefaultLauncher.execute(DefaultLauncher.java:114)
	at org.junit.platform.launcher.core.DefaultLauncher.execute(DefaultLauncher.java:86)
	at org.junit.platform.launcher.core.DefaultLauncherSession$DelegatingLauncher.execute(DefaultLauncherSession.java:86)
	at org.apache.maven.surefire.junitplatform.LazyLauncher.execute(LazyLauncher.java:56)
	at org.apache.maven.surefire.junitplatform.JUnitPlatformProvider.execute(JUnitPlatformProvider.java:184)
	at org.apache.maven.surefire.junitplatform.JUnitPlatformProvider.invokeAllTests(JUnitPlatformProvider.java:148)
	at org.apache.maven.surefire.junitplatform.JUnitPlatformProvider.invoke(JUnitPlatformProvider.java:122)
	at org.apache.maven.surefire.booter.ForkedBooter.runSuitesInProcess(ForkedBooter.java:385)
	at org.apache.maven.surefire.booter.ForkedBooter.execute(ForkedBooter.java:162)
	at org.apache.maven.surefire.booter.ForkedBooter.run(ForkedBooter.java:507)
	at org.apache.maven.surefire.booter.ForkedBooter.main(ForkedBooter.java:495)

]]></system-err>
  </testcase>
</testsuite>